<?xml version="1.0" encoding="UTF-8" standalone="no"?>
<!DOCTYPE log SYSTEM "logger.dtd">
<log>
<record>
  <date>2018-01-11T15:58:41</date>
  <millis>1515675521351</millis>
  <sequence>0</sequence>
  <level>START</level>
  <class>com.kms.katalon.core.logging.KeywordLogger</class>
  <method>startSuite</method>
  <thread>1</thread>
  <message>Start Test Suite : CreateVessel</message>
  <nestedLevel>0</nestedLevel>
  <property name="name">CreateVessel</property>
  <property name="description"></property>
  <property name="id">Test Suites/CreateVessel</property>
</record>
<record>
  <date>2018-01-11T15:58:41</date>
  <millis>1515675521384</millis>
  <sequence>1</sequence>
  <level>RUN_DATA</level>
  <class>com.kms.katalon.core.logging.KeywordLogger</class>
  <method>logMessage</method>
  <thread>1</thread>
  <message>Logging run data &amp;apos;hostName&amp;apos; with value &amp;apos;GDC - TaushevIS&amp;apos;</message>
  <nestedLevel>0</nestedLevel>
  <property name="hostName">GDC - TaushevIS</property>
</record>
<record>
  <date>2018-01-11T15:58:41</date>
  <millis>1515675521426</millis>
  <sequence>2</sequence>
  <level>RUN_DATA</level>
  <class>com.kms.katalon.core.logging.KeywordLogger</class>
  <method>logMessage</method>
  <thread>1</thread>
  <message>Logging run data &amp;apos;os&amp;apos; with value &amp;apos;Windows 10 64bit&amp;apos;</message>
  <nestedLevel>0</nestedLevel>
  <property name="os">Windows 10 64bit</property>
</record>
<record>
  <date>2018-01-11T15:58:41</date>
  <millis>1515675521427</millis>
  <sequence>3</sequence>
  <level>RUN_DATA</level>
  <class>com.kms.katalon.core.logging.KeywordLogger</class>
  <method>logMessage</method>
  <thread>1</thread>
  <message>Logging run data &amp;apos;hostAddress&amp;apos; with value &amp;apos;192.168.100.10&amp;apos;</message>
  <nestedLevel>0</nestedLevel>
  <property name="hostAddress">192.168.100.10</property>
</record>
<record>
  <date>2018-01-11T15:58:41</date>
  <millis>1515675521428</millis>
  <sequence>4</sequence>
  <level>RUN_DATA</level>
  <class>com.kms.katalon.core.logging.KeywordLogger</class>
  <method>logMessage</method>
  <thread>1</thread>
  <message>Logging run data &amp;apos;katalonVersion&amp;apos; with value &amp;apos;5.2.0.1&amp;apos;</message>
  <nestedLevel>0</nestedLevel>
  <property name="katalonVersion">5.2.0.1</property>
</record>
<record>
  <date>2018-01-11T15:58:41</date>
  <millis>1515675521768</millis>
  <sequence>5</sequence>
  <level>START</level>
  <class>com.kms.katalon.core.logging.KeywordLogger</class>
  <method>startTest</method>
  <thread>1</thread>
  <message>Start Test Case : Test Cases/Work/Vessel/1. Create New Vessel</message>
  <nestedLevel>1</nestedLevel>
  <property name="name">Test Cases/Work/Vessel/1. Create New Vessel</property>
  <property name="description"></property>
  <property name="id">Test Cases/Work/Vessel/1. Create New Vessel</property>
  <property name="source">C:\\TestProject\\glowing-giggleTest Cases\\Work\\Vessel\\1. Create New Vessel.tc</property>
  <property name="isOptional">false</property>
</record>
<record>
  <date>2018-01-11T15:58:42</date>
  <millis>1515675522022</millis>
  <sequence>6</sequence>
  <level>INFO</level>
  <class>com.kms.katalon.core.logging.KeywordLogger</class>
  <method>logMessage</method>
  <thread>1</thread>
  <message>Evaluating variables for test case</message>
  <nestedLevel>1</nestedLevel>
</record>
<record>
  <date>2018-01-11T15:58:42</date>
  <millis>1515675522451</millis>
  <sequence>7</sequence>
  <level>START</level>
  <class>com.kms.katalon.core.logging.KeywordLogger</class>
  <method>startKeyword</method>
  <thread>1</thread>
  <message>Start action : callTestCase</message>
  <nestedLevel>1</nestedLevel>
  <property name="startLine">24</property>
  <property name="stepIndex">1</property>
  <property name="description">\u0412\u0445\u043E\u0434\u0438\u043C \u0432 \u0441\u0438\u0441\u0442\u0435\u043C\u0443</property>
</record>
<record>
  <date>2018-01-11T15:58:42</date>
  <millis>1515675522524</millis>
  <sequence>8</sequence>
  <level>INFO</level>
  <class>com.kms.katalon.core.logging.KeywordLogger</class>
  <method>logMessage</method>
  <thread>1</thread>
  <message>Checking called Test Case</message>
  <nestedLevel>1</nestedLevel>
</record>
<record>
  <date>2018-01-11T15:58:42</date>
  <millis>1515675522525</millis>
  <sequence>9</sequence>
  <level>INFO</level>
  <class>com.kms.katalon.core.logging.KeywordLogger</class>
  <method>logMessage</method>
  <thread>1</thread>
  <message>Starting to call Test Case &amp;apos;Test Cases/Work/Valid login&amp;apos;</message>
  <nestedLevel>1</nestedLevel>
</record>
<record>
  <date>2018-01-11T15:58:42</date>
  <millis>1515675522580</millis>
  <sequence>10</sequence>
  <level>START</level>
  <class>com.kms.katalon.core.logging.KeywordLogger</class>
  <method>startTest</method>
  <thread>1</thread>
  <message>Start Test Case : Test Cases/Work/Valid login</message>
  <nestedLevel>2</nestedLevel>
  <property name="name">Test Cases/Work/Valid login</property>
  <property name="description"></property>
  <property name="id">Test Cases/Work/Valid login</property>
  <property name="source">C:\\TestProject\\glowing-giggleTest Cases\\Work\\Valid login.tc</property>
  <property name="isOptional">false</property>
</record>
<record>
  <date>2018-01-11T15:58:42</date>
  <millis>1515675522594</millis>
  <sequence>11</sequence>
  <level>INFO</level>
  <class>com.kms.katalon.core.logging.KeywordLogger</class>
  <method>logMessage</method>
  <thread>1</thread>
  <message>Evaluating variables for test case</message>
  <nestedLevel>2</nestedLevel>
</record>
<record>
  <date>2018-01-11T15:58:42</date>
  <millis>1515675522597</millis>
  <sequence>12</sequence>
  <level>INFO</level>
  <class>com.kms.katalon.core.logging.KeywordLogger</class>
  <method>logMessage</method>
  <thread>1</thread>
  <message>Variable &amp;apos;StartURL&amp;apos; is set to https://system.misnik.by:8484/index.php</message>
  <nestedLevel>2</nestedLevel>
</record>
<record>
  <date>2018-01-11T15:58:42</date>
  <millis>1515675522599</millis>
  <sequence>13</sequence>
  <level>INFO</level>
  <class>com.kms.katalon.core.logging.KeywordLogger</class>
  <method>logMessage</method>
  <thread>1</thread>
  <message>Variable &amp;apos;Name&amp;apos; is set to TaushevIS</message>
  <nestedLevel>2</nestedLevel>
</record>
<record>
  <date>2018-01-11T15:58:42</date>
  <millis>1515675522601</millis>
  <sequence>14</sequence>
  <level>INFO</level>
  <class>com.kms.katalon.core.logging.KeywordLogger</class>
  <method>logMessage</method>
  <thread>1</thread>
  <message>Variable &amp;apos;Pass&amp;apos; is set to tMYPHSIa</message>
  <nestedLevel>2</nestedLevel>
</record>
<record>
  <date>2018-01-11T15:58:42</date>
  <millis>1515675522900</millis>
  <sequence>15</sequence>
  <level>START</level>
  <class>com.kms.katalon.core.logging.KeywordLogger</class>
  <method>startKeyword</method>
  <thread>1</thread>
  <message>Start action : openBrowser</message>
  <nestedLevel>1</nestedLevel>
  <property name="startLine">22</property>
  <property name="stepIndex">1</property>
</record>
<record>
  <date>2018-01-11T15:58:43</date>
  <millis>1515675523367</millis>
  <sequence>16</sequence>
  <level>INFO</level>
  <class>com.kms.katalon.core.logging.KeywordLogger</class>
  <method>logMessage</method>
  <thread>1</thread>
  <message>Opening browser</message>
  <nestedLevel>2</nestedLevel>
</record>
<record>
  <date>2018-01-11T15:58:43</date>
  <millis>1515675523378</millis>
  <sequence>17</sequence>
  <level>INFO</level>
  <class>com.kms.katalon.core.logging.KeywordLogger</class>
  <method>logMessage</method>
  <thread>1</thread>
  <message>Starting &amp;apos;Chrome&amp;apos; driver</message>
  <nestedLevel>2</nestedLevel>
</record>
<record>
  <date>2018-01-11T15:58:43</date>
  <millis>1515675523415</millis>
  <sequence>18</sequence>
  <level>INFO</level>
  <class>com.kms.katalon.core.logging.KeywordLogger</class>
  <method>logMessage</method>
  <thread>1</thread>
  <message>Action delay is set to 0 seconds</message>
  <nestedLevel>2</nestedLevel>
</record>
<record>
  <date>2018-01-11T15:58:47</date>
  <millis>1515675527552</millis>
  <sequence>20</sequence>
  <level>RUN_DATA</level>
  <class>com.kms.katalon.core.logging.KeywordLogger</class>
  <method>logMessage</method>
  <thread>1</thread>
  <message>Logging run data &amp;apos;sessionId&amp;apos; with value &amp;apos;de0138ddac318ba230743a13af313973&amp;apos;</message>
  <nestedLevel>2</nestedLevel>
  <property name="sessionId">de0138ddac318ba230743a13af313973</property>
</record>
<record>
  <date>2018-01-11T15:58:47</date>
  <millis>1515675527585</millis>
  <sequence>21</sequence>
  <level>RUN_DATA</level>
  <class>com.kms.katalon.core.logging.KeywordLogger</class>
  <method>logMessage</method>
  <thread>1</thread>
  <message>Logging run data &amp;apos;browser&amp;apos; with value &amp;apos;Chrome 63.0.3239.132&amp;apos;</message>
  <nestedLevel>2</nestedLevel>
  <property name="browser">Chrome 63.0.3239.132</property>
</record>
<record>
  <date>2018-01-11T15:58:47</date>
  <millis>1515675527585</millis>
  <sequence>22</sequence>
  <level>RUN_DATA</level>
  <class>com.kms.katalon.core.logging.KeywordLogger</class>
  <method>logMessage</method>
  <thread>1</thread>
  <message>Logging run data &amp;apos;platform&amp;apos; with value &amp;apos;Windows 10&amp;apos;</message>
  <nestedLevel>2</nestedLevel>
  <property name="platform">Windows 10</property>
</record>
<record>
  <date>2018-01-11T15:58:47</date>
  <millis>1515675527588</millis>
  <sequence>23</sequence>
  <level>RUN_DATA</level>
  <class>com.kms.katalon.core.logging.KeywordLogger</class>
  <method>logMessage</method>
  <thread>1</thread>
  <message>Logging run data &amp;apos;seleniumVersion&amp;apos; with value &amp;apos;3.7.1&amp;apos;</message>
  <nestedLevel>2</nestedLevel>
  <property name="seleniumVersion">3.7.1</property>
</record>
<record>
  <date>2018-01-11T15:58:47</date>
  <millis>1515675527589</millis>
  <sequence>24</sequence>
  <level>RUN_DATA</level>
  <class>com.kms.katalon.core.logging.KeywordLogger</class>
  <method>logMessage</method>
  <thread>1</thread>
  <message>Logging run data &amp;apos;proxyInformation&amp;apos; with value &amp;apos;ProxyInformation{proxyOption=NO_PROXY, proxyServerType=HTTP, password=, proxyServerAddress=, proxyServerPort=0}&amp;apos;</message>
  <nestedLevel>2</nestedLevel>
  <property name="proxyInformation">ProxyInformation{proxyOption=NO_PROXY, proxyServerType=HTTP, password=, proxyServerAddress=, proxyServerPort=0}</property>
</record>
<record>
  <date>2018-01-11T15:58:47</date>
  <millis>1515675527595</millis>
  <sequence>25</sequence>
  <level>INFO</level>
  <class>com.kms.katalon.core.logging.KeywordLogger</class>
  <method>logMessage</method>
  <thread>1</thread>
  <message>Navigating browser to: &amp;apos;https://system.misnik.by:8484/index.php&amp;apos;</message>
  <nestedLevel>2</nestedLevel>
</record>
<record>
  <date>2018-01-11T15:58:50</date>
  <millis>1515675530241</millis>
  <sequence>26</sequence>
  <level>PASSED</level>
  <class>com.kms.katalon.core.logging.KeywordLogger</class>
  <method>logMessage</method>
  <thread>1</thread>
  <message>Browser is opened with url: &amp;apos;https://system.misnik.by:8484/index.php&amp;apos;</message>
  <nestedLevel>2</nestedLevel>
</record>
<record>
  <date>2018-01-11T15:58:50</date>
  <millis>1515675530242</millis>
  <sequence>27</sequence>
  <level>END</level>
  <class>com.kms.katalon.core.logging.KeywordLogger</class>
  <method>endKeyword</method>
  <thread>1</thread>
  <message>End action : openBrowser</message>
  <nestedLevel>1</nestedLevel>
</record>
<record>
  <date>2018-01-11T15:58:50</date>
  <millis>1515675530242</millis>
  <sequence>28</sequence>
  <level>START</level>
  <class>com.kms.katalon.core.logging.KeywordLogger</class>
  <method>startKeyword</method>
  <thread>1</thread>
  <message>Start action : verifyTextPresent</message>
  <nestedLevel>1</nestedLevel>
  <property name="startLine">24</property>
  <property name="stepIndex">2</property>
</record>
<record>
  <date>2018-01-11T15:58:50</date>
  <millis>1515675530263</millis>
  <sequence>29</sequence>
  <level>INFO</level>
  <class>com.kms.katalon.core.logging.KeywordLogger</class>
  <method>logMessage</method>
  <thread>1</thread>
  <message>Checking text present </message>
  <nestedLevel>2</nestedLevel>
</record>
<record>
  <date>2018-01-11T15:58:50</date>
  <millis>1515675530402</millis>
  <sequence>30</sequence>
  <level>INFO</level>
  <class>com.kms.katalon.core.logging.KeywordLogger</class>
  <method>logMessage</method>
  <thread>1</thread>
  <message>Finding text &amp;apos;\u0412\u0445\u043E\u0434&amp;apos; on page </message>
  <nestedLevel>2</nestedLevel>
</record>
<record>
  <date>2018-01-11T15:58:50</date>
  <millis>1515675530403</millis>
  <sequence>31</sequence>
  <level>PASSED</level>
  <class>com.kms.katalon.core.logging.KeywordLogger</class>
  <method>logMessage</method>
  <thread>1</thread>
  <message>Text &amp;apos;\u0412\u0445\u043E\u0434&amp;apos; is present on page </message>
  <nestedLevel>2</nestedLevel>
</record>
<record>
  <date>2018-01-11T15:58:50</date>
  <millis>1515675530404</millis>
  <sequence>32</sequence>
  <level>END</level>
  <class>com.kms.katalon.core.logging.KeywordLogger</class>
  <method>endKeyword</method>
  <thread>1</thread>
  <message>End action : verifyTextPresent</message>
  <nestedLevel>1</nestedLevel>
</record>
<record>
  <date>2018-01-11T15:58:50</date>
  <millis>1515675530405</millis>
  <sequence>33</sequence>
  <level>START</level>
  <class>com.kms.katalon.core.logging.KeywordLogger</class>
  <method>startKeyword</method>
  <thread>1</thread>
  <message>Start action : setText</message>
  <nestedLevel>1</nestedLevel>
  <property name="startLine">26</property>
  <property name="stepIndex">3</property>
</record>
<record>
  <date>2018-01-11T15:58:50</date>
  <millis>1515675530414</millis>
  <sequence>34</sequence>
  <level>INFO</level>
  <class>com.kms.katalon.core.logging.KeywordLogger</class>
  <method>logMessage</method>
  <thread>1</thread>
  <message>Finding Test Object with id &amp;apos;Object Repository/GIAP-DC/loginPage/input_username&amp;apos;</message>
  <nestedLevel>2</nestedLevel>
</record>
<record>
  <date>2018-01-11T15:58:50</date>
  <millis>1515675530442</millis>
  <sequence>35</sequence>
  <level>INFO</level>
  <class>com.kms.katalon.core.logging.KeywordLogger</class>
  <method>logMessage</method>
  <thread>1</thread>
  <message>Checking object</message>
  <nestedLevel>2</nestedLevel>
</record>
<record>
  <date>2018-01-11T15:58:50</date>
  <millis>1515675530443</millis>
  <sequence>36</sequence>
  <level>INFO</level>
  <class>com.kms.katalon.core.logging.KeywordLogger</class>
  <method>logMessage</method>
  <thread>1</thread>
  <message>Checking text</message>
  <nestedLevel>2</nestedLevel>
</record>
<record>
  <date>2018-01-11T15:58:50</date>
  <millis>1515675530444</millis>
  <sequence>37</sequence>
  <level>INFO</level>
  <class>com.kms.katalon.core.logging.KeywordLogger</class>
  <method>logMessage</method>
  <thread>1</thread>
  <message>Checking timeout</message>
  <nestedLevel>2</nestedLevel>
</record>
<record>
  <date>2018-01-11T15:58:50</date>
  <millis>1515675530448</millis>
  <sequence>38</sequence>
  <level>INFO</level>
  <class>com.kms.katalon.core.logging.KeywordLogger</class>
  <method>logMessage</method>
  <thread>1</thread>
  <message>Finding web element with id: &amp;apos;Object Repository/GIAP-DC/loginPage/input_username&amp;apos; located by &amp;apos;By.xpath: //input[count(. | //*[@type = &amp;apos;text&amp;apos;]) = count(//*[@type = &amp;apos;text&amp;apos;])][count(. | //*[@placeholder = &amp;apos;\u0418\u043C\u044F \u043F\u043E\u043B\u044C\u0437\u043E\u0432\u0430\u0442\u0435\u043B\u044F&amp;apos;]) = count(//*[@placeholder = &amp;apos;\u0418\u043C\u044F \u043F\u043E\u043B\u044C\u0437\u043E\u0432\u0430\u0442\u0435\u043B\u044F&amp;apos;])][count(. | //*[@id = &amp;apos;username&amp;apos;]) = count(//*[@id = &amp;apos;username&amp;apos;])][count(. | //*[@name = &amp;apos;username&amp;apos;]) = count(//*[@name = &amp;apos;username&amp;apos;])]&amp;apos; in &amp;apos;15&amp;apos; second(s)</message>
  <nestedLevel>2</nestedLevel>
</record>
<record>
  <date>2018-01-11T15:58:50</date>
  <millis>1515675530575</millis>
  <sequence>39</sequence>
  <level>INFO</level>
  <class>com.kms.katalon.core.logging.KeywordLogger</class>
  <method>logMessage</method>
  <thread>1</thread>
  <message>Found 1 web elements with id: &amp;apos;Object Repository/GIAP-DC/loginPage/input_username&amp;apos; located by &amp;apos;By.xpath: //input[count(. | //*[@type = &amp;apos;text&amp;apos;]) = count(//*[@type = &amp;apos;text&amp;apos;])][count(. | //*[@placeholder = &amp;apos;\u0418\u043C\u044F \u043F\u043E\u043B\u044C\u0437\u043E\u0432\u0430\u0442\u0435\u043B\u044F&amp;apos;]) = count(//*[@placeholder = &amp;apos;\u0418\u043C\u044F \u043F\u043E\u043B\u044C\u0437\u043E\u0432\u0430\u0442\u0435\u043B\u044F&amp;apos;])][count(. | //*[@id = &amp;apos;username&amp;apos;]) = count(//*[@id = &amp;apos;username&amp;apos;])][count(. | //*[@name = &amp;apos;username&amp;apos;]) = count(//*[@name = &amp;apos;username&amp;apos;])]&amp;apos; in &amp;apos;15&amp;apos; second(s)</message>
  <nestedLevel>2</nestedLevel>
</record>
<record>
  <date>2018-01-11T15:58:50</date>
  <millis>1515675530576</millis>
  <sequence>40</sequence>
  <level>INFO</level>
  <class>com.kms.katalon.core.logging.KeywordLogger</class>
  <method>logMessage</method>
  <thread>1</thread>
  <message>Clearing text of object &amp;apos;Object Repository/GIAP-DC/loginPage/input_username&amp;apos;</message>
  <nestedLevel>2</nestedLevel>
</record>
<record>
  <date>2018-01-11T15:58:50</date>
  <millis>1515675530631</millis>
  <sequence>41</sequence>
  <level>INFO</level>
  <class>com.kms.katalon.core.logging.KeywordLogger</class>
  <method>logMessage</method>
  <thread>1</thread>
  <message>Checking timeout</message>
  <nestedLevel>2</nestedLevel>
</record>
<record>
  <date>2018-01-11T15:58:50</date>
  <millis>1515675530633</millis>
  <sequence>42</sequence>
  <level>INFO</level>
  <class>com.kms.katalon.core.logging.KeywordLogger</class>
  <method>logMessage</method>
  <thread>1</thread>
  <message>Finding web element with id: &amp;apos;Object Repository/GIAP-DC/loginPage/input_username&amp;apos; located by &amp;apos;By.xpath: //input[count(. | //*[@type = &amp;apos;text&amp;apos;]) = count(//*[@type = &amp;apos;text&amp;apos;])][count(. | //*[@placeholder = &amp;apos;\u0418\u043C\u044F \u043F\u043E\u043B\u044C\u0437\u043E\u0432\u0430\u0442\u0435\u043B\u044F&amp;apos;]) = count(//*[@placeholder = &amp;apos;\u0418\u043C\u044F \u043F\u043E\u043B\u044C\u0437\u043E\u0432\u0430\u0442\u0435\u043B\u044F&amp;apos;])][count(. | //*[@id = &amp;apos;username&amp;apos;]) = count(//*[@id = &amp;apos;username&amp;apos;])][count(. | //*[@name = &amp;apos;username&amp;apos;]) = count(//*[@name = &amp;apos;username&amp;apos;])]&amp;apos; in &amp;apos;15&amp;apos; second(s)</message>
  <nestedLevel>2</nestedLevel>
</record>
<record>
  <date>2018-01-11T15:58:50</date>
  <millis>1515675530660</millis>
  <sequence>43</sequence>
  <level>INFO</level>
  <class>com.kms.katalon.core.logging.KeywordLogger</class>
  <method>logMessage</method>
  <thread>1</thread>
  <message>Found 1 web elements with id: &amp;apos;Object Repository/GIAP-DC/loginPage/input_username&amp;apos; located by &amp;apos;By.xpath: //input[count(. | //*[@type = &amp;apos;text&amp;apos;]) = count(//*[@type = &amp;apos;text&amp;apos;])][count(. | //*[@placeholder = &amp;apos;\u0418\u043C\u044F \u043F\u043E\u043B\u044C\u0437\u043E\u0432\u0430\u0442\u0435\u043B\u044F&amp;apos;]) = count(//*[@placeholder = &amp;apos;\u0418\u043C\u044F \u043F\u043E\u043B\u044C\u0437\u043E\u0432\u0430\u0442\u0435\u043B\u044F&amp;apos;])][count(. | //*[@id = &amp;apos;username&amp;apos;]) = count(//*[@id = &amp;apos;username&amp;apos;])][count(. | //*[@name = &amp;apos;username&amp;apos;]) = count(//*[@name = &amp;apos;username&amp;apos;])]&amp;apos; in &amp;apos;15&amp;apos; second(s)</message>
  <nestedLevel>2</nestedLevel>
</record>
<record>
  <date>2018-01-11T15:58:50</date>
  <millis>1515675530671</millis>
  <sequence>44</sequence>
  <level>INFO</level>
  <class>com.kms.katalon.core.logging.KeywordLogger</class>
  <method>logMessage</method>
  <thread>1</thread>
  <message>Setting text of object &amp;apos;Object Repository/GIAP-DC/loginPage/input_username&amp;apos; to value &amp;apos;TaushevIS&amp;apos;</message>
  <nestedLevel>2</nestedLevel>
</record>
<record>
  <date>2018-01-11T15:58:50</date>
  <millis>1515675530792</millis>
  <sequence>45</sequence>
  <level>PASSED</level>
  <class>com.kms.katalon.core.logging.KeywordLogger</class>
  <method>logMessage</method>
  <thread>1</thread>
  <message>Text &amp;apos;TaushevIS&amp;apos; is set on object &amp;apos;Object Repository/GIAP-DC/loginPage/input_username&amp;apos;</message>
  <nestedLevel>2</nestedLevel>
</record>
<record>
  <date>2018-01-11T15:58:50</date>
  <millis>1515675530793</millis>
  <sequence>46</sequence>
  <level>END</level>
  <class>com.kms.katalon.core.logging.KeywordLogger</class>
  <method>endKeyword</method>
  <thread>1</thread>
  <message>End action : setText</message>
  <nestedLevel>1</nestedLevel>
</record>
<record>
  <date>2018-01-11T15:58:50</date>
  <millis>1515675530793</millis>
  <sequence>47</sequence>
  <level>START</level>
  <class>com.kms.katalon.core.logging.KeywordLogger</class>
  <method>startKeyword</method>
  <thread>1</thread>
  <message>Start action : setText</message>
  <nestedLevel>1</nestedLevel>
  <property name="startLine">28</property>
  <property name="stepIndex">4</property>
</record>
<record>
  <date>2018-01-11T15:58:50</date>
  <millis>1515675530795</millis>
  <sequence>48</sequence>
  <level>INFO</level>
  <class>com.kms.katalon.core.logging.KeywordLogger</class>
  <method>logMessage</method>
  <thread>1</thread>
  <message>Finding Test Object with id &amp;apos;Object Repository/GIAP-DC/loginPage/input_password&amp;apos;</message>
  <nestedLevel>2</nestedLevel>
</record>
<record>
  <date>2018-01-11T15:58:50</date>
  <millis>1515675530802</millis>
  <sequence>49</sequence>
  <level>INFO</level>
  <class>com.kms.katalon.core.logging.KeywordLogger</class>
  <method>logMessage</method>
  <thread>1</thread>
  <message>Checking object</message>
  <nestedLevel>2</nestedLevel>
</record>
<record>
  <date>2018-01-11T15:58:50</date>
  <millis>1515675530804</millis>
  <sequence>50</sequence>
  <level>INFO</level>
  <class>com.kms.katalon.core.logging.KeywordLogger</class>
  <method>logMessage</method>
  <thread>1</thread>
  <message>Checking text</message>
  <nestedLevel>2</nestedLevel>
</record>
<record>
  <date>2018-01-11T15:58:50</date>
  <millis>1515675530805</millis>
  <sequence>51</sequence>
  <level>INFO</level>
  <class>com.kms.katalon.core.logging.KeywordLogger</class>
  <method>logMessage</method>
  <thread>1</thread>
  <message>Checking timeout</message>
  <nestedLevel>2</nestedLevel>
</record>
<record>
  <date>2018-01-11T15:58:50</date>
  <millis>1515675530806</millis>
  <sequence>52</sequence>
  <level>INFO</level>
  <class>com.kms.katalon.core.logging.KeywordLogger</class>
  <method>logMessage</method>
  <thread>1</thread>
  <message>Finding web element with id: &amp;apos;Object Repository/GIAP-DC/loginPage/input_password&amp;apos; located by &amp;apos;By.xpath: //input[count(. | //*[@type = &amp;apos;password&amp;apos;]) = count(//*[@type = &amp;apos;password&amp;apos;])][count(. | //*[@placeholder = &amp;apos;\u041F\u0430\u0440\u043E\u043B\u044C&amp;apos;]) = count(//*[@placeholder = &amp;apos;\u041F\u0430\u0440\u043E\u043B\u044C&amp;apos;])][count(. | //*[@id = &amp;apos;password&amp;apos;]) = count(//*[@id = &amp;apos;password&amp;apos;])][count(. | //*[@name = &amp;apos;password&amp;apos;]) = count(//*[@name = &amp;apos;password&amp;apos;])]&amp;apos; in &amp;apos;15&amp;apos; second(s)</message>
  <nestedLevel>2</nestedLevel>
</record>
<record>
  <date>2018-01-11T15:58:50</date>
  <millis>1515675530827</millis>
  <sequence>53</sequence>
  <level>INFO</level>
  <class>com.kms.katalon.core.logging.KeywordLogger</class>
  <method>logMessage</method>
  <thread>1</thread>
  <message>Found 1 web elements with id: &amp;apos;Object Repository/GIAP-DC/loginPage/input_password&amp;apos; located by &amp;apos;By.xpath: //input[count(. | //*[@type = &amp;apos;password&amp;apos;]) = count(//*[@type = &amp;apos;password&amp;apos;])][count(. | //*[@placeholder = &amp;apos;\u041F\u0430\u0440\u043E\u043B\u044C&amp;apos;]) = count(//*[@placeholder = &amp;apos;\u041F\u0430\u0440\u043E\u043B\u044C&amp;apos;])][count(. | //*[@id = &amp;apos;password&amp;apos;]) = count(//*[@id = &amp;apos;password&amp;apos;])][count(. | //*[@name = &amp;apos;password&amp;apos;]) = count(//*[@name = &amp;apos;password&amp;apos;])]&amp;apos; in &amp;apos;15&amp;apos; second(s)</message>
  <nestedLevel>2</nestedLevel>
</record>
<record>
  <date>2018-01-11T15:58:50</date>
  <millis>1515675530827</millis>
  <sequence>54</sequence>
  <level>INFO</level>
  <class>com.kms.katalon.core.logging.KeywordLogger</class>
  <method>logMessage</method>
  <thread>1</thread>
  <message>Clearing text of object &amp;apos;Object Repository/GIAP-DC/loginPage/input_password&amp;apos;</message>
  <nestedLevel>2</nestedLevel>
</record>
<record>
  <date>2018-01-11T15:58:50</date>
  <millis>1515675530856</millis>
  <sequence>55</sequence>
  <level>INFO</level>
  <class>com.kms.katalon.core.logging.KeywordLogger</class>
  <method>logMessage</method>
  <thread>1</thread>
  <message>Checking timeout</message>
  <nestedLevel>2</nestedLevel>
</record>
<record>
  <date>2018-01-11T15:58:50</date>
  <millis>1515675530857</millis>
  <sequence>56</sequence>
  <level>INFO</level>
  <class>com.kms.katalon.core.logging.KeywordLogger</class>
  <method>logMessage</method>
  <thread>1</thread>
  <message>Finding web element with id: &amp;apos;Object Repository/GIAP-DC/loginPage/input_password&amp;apos; located by &amp;apos;By.xpath: //input[count(. | //*[@type = &amp;apos;password&amp;apos;]) = count(//*[@type = &amp;apos;password&amp;apos;])][count(. | //*[@placeholder = &amp;apos;\u041F\u0430\u0440\u043E\u043B\u044C&amp;apos;]) = count(//*[@placeholder = &amp;apos;\u041F\u0430\u0440\u043E\u043B\u044C&amp;apos;])][count(. | //*[@id = &amp;apos;password&amp;apos;]) = count(//*[@id = &amp;apos;password&amp;apos;])][count(. | //*[@name = &amp;apos;password&amp;apos;]) = count(//*[@name = &amp;apos;password&amp;apos;])]&amp;apos; in &amp;apos;15&amp;apos; second(s)</message>
  <nestedLevel>2</nestedLevel>
</record>
<record>
  <date>2018-01-11T15:58:50</date>
  <millis>1515675530873</millis>
  <sequence>57</sequence>
  <level>INFO</level>
  <class>com.kms.katalon.core.logging.KeywordLogger</class>
  <method>logMessage</method>
  <thread>1</thread>
  <message>Found 1 web elements with id: &amp;apos;Object Repository/GIAP-DC/loginPage/input_password&amp;apos; located by &amp;apos;By.xpath: //input[count(. | //*[@type = &amp;apos;password&amp;apos;]) = count(//*[@type = &amp;apos;password&amp;apos;])][count(. | //*[@placeholder = &amp;apos;\u041F\u0430\u0440\u043E\u043B\u044C&amp;apos;]) = count(//*[@placeholder = &amp;apos;\u041F\u0430\u0440\u043E\u043B\u044C&amp;apos;])][count(. | //*[@id = &amp;apos;password&amp;apos;]) = count(//*[@id = &amp;apos;password&amp;apos;])][count(. | //*[@name = &amp;apos;password&amp;apos;]) = count(//*[@name = &amp;apos;password&amp;apos;])]&amp;apos; in &amp;apos;15&amp;apos; second(s)</message>
  <nestedLevel>2</nestedLevel>
</record>
<record>
  <date>2018-01-11T15:58:50</date>
  <millis>1515675530874</millis>
  <sequence>58</sequence>
  <level>INFO</level>
  <class>com.kms.katalon.core.logging.KeywordLogger</class>
  <method>logMessage</method>
  <thread>1</thread>
  <message>Setting text of object &amp;apos;Object Repository/GIAP-DC/loginPage/input_password&amp;apos; to value &amp;apos;tMYPHSIa&amp;apos;</message>
  <nestedLevel>2</nestedLevel>
</record>
<record>
  <date>2018-01-11T15:58:50</date>
  <millis>1515675530946</millis>
  <sequence>59</sequence>
  <level>PASSED</level>
  <class>com.kms.katalon.core.logging.KeywordLogger</class>
  <method>logMessage</method>
  <thread>1</thread>
  <message>Text &amp;apos;tMYPHSIa&amp;apos; is set on object &amp;apos;Object Repository/GIAP-DC/loginPage/input_password&amp;apos;</message>
  <nestedLevel>2</nestedLevel>
</record>
<record>
  <date>2018-01-11T15:58:50</date>
  <millis>1515675530946</millis>
  <sequence>60</sequence>
  <level>END</level>
  <class>com.kms.katalon.core.logging.KeywordLogger</class>
  <method>endKeyword</method>
  <thread>1</thread>
  <message>End action : setText</message>
  <nestedLevel>1</nestedLevel>
</record>
<record>
  <date>2018-01-11T15:58:50</date>
  <millis>1515675530947</millis>
  <sequence>61</sequence>
  <level>START</level>
  <class>com.kms.katalon.core.logging.KeywordLogger</class>
  <method>startKeyword</method>
  <thread>1</thread>
  <message>Start action : click</message>
  <nestedLevel>1</nestedLevel>
  <property name="startLine">30</property>
  <property name="stepIndex">5</property>
</record>
<record>
  <date>2018-01-11T15:58:50</date>
  <millis>1515675530948</millis>
  <sequence>62</sequence>
  <level>INFO</level>
  <class>com.kms.katalon.core.logging.KeywordLogger</class>
  <method>logMessage</method>
  <thread>1</thread>
  <message>Finding Test Object with id &amp;apos;Object Repository/GIAP-DC/loginPage/loginButton&amp;apos;</message>
  <nestedLevel>2</nestedLevel>
</record>
<record>
  <date>2018-01-11T15:58:50</date>
  <millis>1515675530976</millis>
  <sequence>63</sequence>
  <level>INFO</level>
  <class>com.kms.katalon.core.logging.KeywordLogger</class>
  <method>logMessage</method>
  <thread>1</thread>
  <message>Checking object</message>
  <nestedLevel>2</nestedLevel>
</record>
<record>
  <date>2018-01-11T15:58:50</date>
  <millis>1515675530977</millis>
  <sequence>64</sequence>
  <level>INFO</level>
  <class>com.kms.katalon.core.logging.KeywordLogger</class>
  <method>logMessage</method>
  <thread>1</thread>
  <message>Checking timeout</message>
  <nestedLevel>2</nestedLevel>
</record>
<record>
  <date>2018-01-11T15:58:50</date>
  <millis>1515675530980</millis>
  <sequence>65</sequence>
  <level>INFO</level>
  <class>com.kms.katalon.core.logging.KeywordLogger</class>
  <method>logMessage</method>
  <thread>1</thread>
  <message>Finding web element with id: &amp;apos;Object Repository/GIAP-DC/loginPage/loginButton&amp;apos; located by &amp;apos;By.xpath: //button[count(. | //*[@type = &amp;apos;submit&amp;apos;]) = count(//*[@type = &amp;apos;submit&amp;apos;])][count(. | //*[text() = &amp;apos;\u0412\u043E\u0439\u0442\u0438&amp;apos;]) = count(//*[text() = &amp;apos;\u0412\u043E\u0439\u0442\u0438&amp;apos;])]&amp;apos; in &amp;apos;15&amp;apos; second(s)</message>
  <nestedLevel>2</nestedLevel>
</record>
<record>
  <date>2018-01-11T15:58:51</date>
  <millis>1515675531008</millis>
  <sequence>66</sequence>
  <level>INFO</level>
  <class>com.kms.katalon.core.logging.KeywordLogger</class>
  <method>logMessage</method>
  <thread>1</thread>
  <message>Found 1 web elements with id: &amp;apos;Object Repository/GIAP-DC/loginPage/loginButton&amp;apos; located by &amp;apos;By.xpath: //button[count(. | //*[@type = &amp;apos;submit&amp;apos;]) = count(//*[@type = &amp;apos;submit&amp;apos;])][count(. | //*[text() = &amp;apos;\u0412\u043E\u0439\u0442\u0438&amp;apos;]) = count(//*[text() = &amp;apos;\u0412\u043E\u0439\u0442\u0438&amp;apos;])]&amp;apos; in &amp;apos;15&amp;apos; second(s)</message>
  <nestedLevel>2</nestedLevel>
</record>
<record>
  <date>2018-01-11T15:58:51</date>
  <millis>1515675531008</millis>
  <sequence>67</sequence>
  <level>INFO</level>
  <class>com.kms.katalon.core.logging.KeywordLogger</class>
  <method>logMessage</method>
  <thread>1</thread>
  <message>Clicking on object: &amp;apos;Object Repository/GIAP-DC/loginPage/loginButton&amp;apos;</message>
  <nestedLevel>2</nestedLevel>
</record>
<record>
  <date>2018-01-11T15:58:53</date>
  <millis>1515675533816</millis>
  <sequence>68</sequence>
  <level>PASSED</level>
  <class>com.kms.katalon.core.logging.KeywordLogger</class>
  <method>logMessage</method>
  <thread>1</thread>
  <message>Object: &amp;apos;Object Repository/GIAP-DC/loginPage/loginButton&amp;apos; is clicked on</message>
  <nestedLevel>2</nestedLevel>
</record>
<record>
  <date>2018-01-11T15:58:53</date>
  <millis>1515675533817</millis>
  <sequence>69</sequence>
  <level>END</level>
  <class>com.kms.katalon.core.logging.KeywordLogger</class>
  <method>endKeyword</method>
  <thread>1</thread>
  <message>End action : click</message>
  <nestedLevel>1</nestedLevel>
</record>
<record>
  <date>2018-01-11T15:58:53</date>
  <millis>1515675533818</millis>
  <sequence>70</sequence>
  <level>START</level>
  <class>com.kms.katalon.core.logging.KeywordLogger</class>
  <method>startKeyword</method>
  <thread>1</thread>
  <message>Start action : verifyTextPresent</message>
  <nestedLevel>1</nestedLevel>
  <property name="startLine">32</property>
  <property name="stepIndex">6</property>
</record>
<record>
  <date>2018-01-11T15:58:53</date>
  <millis>1515675533819</millis>
  <sequence>71</sequence>
  <level>INFO</level>
  <class>com.kms.katalon.core.logging.KeywordLogger</class>
  <method>logMessage</method>
  <thread>1</thread>
  <message>Checking text present </message>
  <nestedLevel>2</nestedLevel>
</record>
<record>
  <date>2018-01-11T15:58:54</date>
  <millis>1515675534159</millis>
  <sequence>72</sequence>
  <level>INFO</level>
  <class>com.kms.katalon.core.logging.KeywordLogger</class>
  <method>logMessage</method>
  <thread>1</thread>
  <message>Finding text &amp;apos;\u0413\u043B\u0430\u0432\u043D\u0430\u044F&amp;apos; on page </message>
  <nestedLevel>2</nestedLevel>
</record>
<record>
  <date>2018-01-11T15:58:54</date>
  <millis>1515675534160</millis>
  <sequence>73</sequence>
  <level>PASSED</level>
  <class>com.kms.katalon.core.logging.KeywordLogger</class>
  <method>logMessage</method>
  <thread>1</thread>
  <message>Text &amp;apos;\u0413\u043B\u0430\u0432\u043D\u0430\u044F&amp;apos; is present on page </message>
  <nestedLevel>2</nestedLevel>
</record>
<record>
  <date>2018-01-11T15:58:54</date>
  <millis>1515675534160</millis>
  <sequence>74</sequence>
  <level>END</level>
  <class>com.kms.katalon.core.logging.KeywordLogger</class>
  <method>endKeyword</method>
  <thread>1</thread>
  <message>End action : verifyTextPresent</message>
  <nestedLevel>1</nestedLevel>
</record>
<record>
  <date>2018-01-11T15:58:54</date>
  <millis>1515675534161</millis>
  <sequence>75</sequence>
  <level>PASSED</level>
  <class>com.kms.katalon.core.logging.KeywordLogger</class>
  <method>logMessage</method>
  <thread>1</thread>
  <message>Test Cases/Work/Valid login</message>
  <nestedLevel>2</nestedLevel>
</record>
<record>
  <date>2018-01-11T15:58:54</date>
  <millis>1515675534162</millis>
  <sequence>76</sequence>
  <level>END</level>
  <class>com.kms.katalon.core.logging.KeywordLogger</class>
  <method>endTest</method>
  <thread>1</thread>
  <message>End Test Case : Test Cases/Work/Valid login</message>
  <nestedLevel>1</nestedLevel>
</record>
<record>
  <date>2018-01-11T15:58:54</date>
  <millis>1515675534170</millis>
  <sequence>77</sequence>
  <level>PASSED</level>
  <class>com.kms.katalon.core.logging.KeywordLogger</class>
  <method>logMessage</method>
  <thread>1</thread>
  <message>Call Test Case &amp;apos;Test Cases/Work/Valid login&amp;apos; successfully</message>
  <nestedLevel>1</nestedLevel>
</record>
<record>
  <date>2018-01-11T15:58:54</date>
  <millis>1515675534171</millis>
  <sequence>78</sequence>
  <level>END</level>
  <class>com.kms.katalon.core.logging.KeywordLogger</class>
  <method>endKeyword</method>
  <thread>1</thread>
  <message>End action : callTestCase</message>
  <nestedLevel>1</nestedLevel>
</record>
<record>
  <date>2018-01-11T15:58:54</date>
  <millis>1515675534171</millis>
  <sequence>79</sequence>
  <level>START</level>
  <class>com.kms.katalon.core.logging.KeywordLogger</class>
  <method>startKeyword</method>
  <thread>1</thread>
  <message>Start action : click</message>
  <nestedLevel>1</nestedLevel>
  <property name="startLine">28</property>
  <property name="stepIndex">2</property>
  <property name="description">\u041F\u0435\u0440\u0435\u0445\u043E\u0434\u0438\u043C \u0441 \u0441\u043E\u0441\u0443\u0434\u044B</property>
</record>
<record>
  <date>2018-01-11T15:58:54</date>
  <millis>1515675534172</millis>
  <sequence>80</sequence>
  <level>INFO</level>
  <class>com.kms.katalon.core.logging.KeywordLogger</class>
  <method>logMessage</method>
  <thread>1</thread>
  <message>Finding Test Object with id &amp;apos;Object Repository/GIAP-DC/Vessel/AddVessel/Vessel&amp;apos;</message>
  <nestedLevel>1</nestedLevel>
</record>
<record>
  <date>2018-01-11T15:58:54</date>
  <millis>1515675534178</millis>
  <sequence>81</sequence>
  <level>INFO</level>
  <class>com.kms.katalon.core.logging.KeywordLogger</class>
  <method>logMessage</method>
  <thread>1</thread>
  <message>Checking object</message>
  <nestedLevel>1</nestedLevel>
</record>
<record>
  <date>2018-01-11T15:58:54</date>
  <millis>1515675534178</millis>
  <sequence>82</sequence>
  <level>INFO</level>
  <class>com.kms.katalon.core.logging.KeywordLogger</class>
  <method>logMessage</method>
  <thread>1</thread>
  <message>Checking timeout</message>
  <nestedLevel>1</nestedLevel>
</record>
<record>
  <date>2018-01-11T15:58:54</date>
  <millis>1515675534179</millis>
  <sequence>83</sequence>
  <level>INFO</level>
  <class>com.kms.katalon.core.logging.KeywordLogger</class>
  <method>logMessage</method>
  <thread>1</thread>
  <message>Finding web element with id: &amp;apos;Object Repository/GIAP-DC/Vessel/AddVessel/Vessel&amp;apos; located by &amp;apos;By.xpath: //div[count(. | id(\&amp;quot;8-3\&amp;quot;)/div[@class=\&amp;quot;tile mt-overlay-3\&amp;quot;]/a[1]/div[@class=\&amp;quot;tile-body\&amp;quot;]) = count(id(\&amp;quot;8-3\&amp;quot;)/div[@class=\&amp;quot;tile mt-overlay-3\&amp;quot;]/a[1]/div[@class=\&amp;quot;tile-body\&amp;quot;])]&amp;apos; in &amp;apos;15&amp;apos; second(s)</message>
  <nestedLevel>1</nestedLevel>
</record>
<record>
  <date>2018-01-11T15:58:54</date>
  <millis>1515675534232</millis>
  <sequence>84</sequence>
  <level>INFO</level>
  <class>com.kms.katalon.core.logging.KeywordLogger</class>
  <method>logMessage</method>
  <thread>1</thread>
  <message>Found 1 web elements with id: &amp;apos;Object Repository/GIAP-DC/Vessel/AddVessel/Vessel&amp;apos; located by &amp;apos;By.xpath: //div[count(. | id(\&amp;quot;8-3\&amp;quot;)/div[@class=\&amp;quot;tile mt-overlay-3\&amp;quot;]/a[1]/div[@class=\&amp;quot;tile-body\&amp;quot;]) = count(id(\&amp;quot;8-3\&amp;quot;)/div[@class=\&amp;quot;tile mt-overlay-3\&amp;quot;]/a[1]/div[@class=\&amp;quot;tile-body\&amp;quot;])]&amp;apos; in &amp;apos;15&amp;apos; second(s)</message>
  <nestedLevel>1</nestedLevel>
</record>
<record>
  <date>2018-01-11T15:58:54</date>
  <millis>1515675534233</millis>
  <sequence>85</sequence>
  <level>INFO</level>
  <class>com.kms.katalon.core.logging.KeywordLogger</class>
  <method>logMessage</method>
  <thread>1</thread>
  <message>Clicking on object: &amp;apos;Object Repository/GIAP-DC/Vessel/AddVessel/Vessel&amp;apos;</message>
  <nestedLevel>1</nestedLevel>
</record>
<record>
  <date>2018-01-11T15:58:56</date>
  <millis>1515675536097</millis>
  <sequence>86</sequence>
  <level>PASSED</level>
  <class>com.kms.katalon.core.logging.KeywordLogger</class>
  <method>logMessage</method>
  <thread>1</thread>
  <message>Object: &amp;apos;Object Repository/GIAP-DC/Vessel/AddVessel/Vessel&amp;apos; is clicked on</message>
  <nestedLevel>1</nestedLevel>
</record>
<record>
  <date>2018-01-11T15:58:56</date>
  <millis>1515675536099</millis>
  <sequence>87</sequence>
  <level>END</level>
  <class>com.kms.katalon.core.logging.KeywordLogger</class>
  <method>endKeyword</method>
  <thread>1</thread>
  <message>End action : click</message>
  <nestedLevel>1</nestedLevel>
</record>
<record>
  <date>2018-01-11T15:58:56</date>
  <millis>1515675536100</millis>
  <sequence>88</sequence>
  <level>START</level>
  <class>com.kms.katalon.core.logging.KeywordLogger</class>
  <method>startKeyword</method>
  <thread>1</thread>
  <message>Start action : waitForJQueryLoad</message>
  <nestedLevel>1</nestedLevel>
  <property name="startLine">30</property>
  <property name="stepIndex">3</property>
</record>
<record>
  <date>2018-01-11T15:58:56</date>
  <millis>1515675536149</millis>
  <sequence>89</sequence>
  <level>INFO</level>
  <class>com.kms.katalon.core.logging.KeywordLogger</class>
  <method>logMessage</method>
  <thread>1</thread>
  <message>Checking timeout</message>
  <nestedLevel>1</nestedLevel>
</record>
<record>
  <date>2018-01-11T15:58:56</date>
  <millis>1515675536149</millis>
  <sequence>90</sequence>
  <level>WARNING</level>
  <class>com.kms.katalon.core.logging.KeywordLogger</class>
  <method>logMessage</method>
  <thread>1</thread>
  <message>Timeout &amp;apos;0&amp;apos; is invalid. Using default page load timeout: &amp;apos;15&amp;apos;</message>
  <nestedLevel>1</nestedLevel>
</record>
<record>
  <date>2018-01-11T15:59:02</date>
  <millis>1515675542397</millis>
  <sequence>91</sequence>
  <level>PASSED</level>
  <class>com.kms.katalon.core.logging.KeywordLogger</class>
  <method>logMessage</method>
  <thread>1</thread>
  <message>jQuery is ready.</message>
  <nestedLevel>1</nestedLevel>
</record>
<record>
  <date>2018-01-11T15:59:02</date>
  <millis>1515675542399</millis>
  <sequence>92</sequence>
  <level>END</level>
  <class>com.kms.katalon.core.logging.KeywordLogger</class>
  <method>endKeyword</method>
  <thread>1</thread>
  <message>End action : waitForJQueryLoad</message>
  <nestedLevel>1</nestedLevel>
</record>
<record>
  <date>2018-01-11T15:59:02</date>
  <millis>1515675542399</millis>
  <sequence>93</sequence>
  <level>START</level>
  <class>com.kms.katalon.core.logging.KeywordLogger</class>
  <method>startKeyword</method>
  <thread>1</thread>
  <message>Start action : click</message>
  <nestedLevel>1</nestedLevel>
  <property name="startLine">33</property>
  <property name="stepIndex">4</property>
  <property name="description">\u0412\u044B\u0437\u044B\u0432\u0430\u0435\u043C \u043E\u043A\u043D\u043E \u0434\u043E\u0431\u0430\u0432\u043B\u0435\u043D\u0438\u044F \u0421\u043E\u0441\u0443\u0434\u043E\u0432</property>
</record>
<record>
  <date>2018-01-11T15:59:02</date>
  <millis>1515675542400</millis>
  <sequence>94</sequence>
  <level>INFO</level>
  <class>com.kms.katalon.core.logging.KeywordLogger</class>
  <method>logMessage</method>
  <thread>1</thread>
  <message>Finding Test Object with id &amp;apos;Object Repository/GIAP-DC/Vessel/AddVessel/Add&amp;apos;</message>
  <nestedLevel>1</nestedLevel>
</record>
<record>
  <date>2018-01-11T15:59:02</date>
  <millis>1515675542405</millis>
  <sequence>95</sequence>
  <level>INFO</level>
  <class>com.kms.katalon.core.logging.KeywordLogger</class>
  <method>logMessage</method>
  <thread>1</thread>
  <message>Checking object</message>
  <nestedLevel>1</nestedLevel>
</record>
<record>
  <date>2018-01-11T15:59:02</date>
  <millis>1515675542406</millis>
  <sequence>96</sequence>
  <level>INFO</level>
  <class>com.kms.katalon.core.logging.KeywordLogger</class>
  <method>logMessage</method>
  <thread>1</thread>
  <message>Checking timeout</message>
  <nestedLevel>1</nestedLevel>
</record>
<record>
  <date>2018-01-11T15:59:02</date>
  <millis>1515675542406</millis>
  <sequence>97</sequence>
  <level>INFO</level>
  <class>com.kms.katalon.core.logging.KeywordLogger</class>
  <method>logMessage</method>
  <thread>1</thread>
  <message>Finding web element with id: &amp;apos;Object Repository/GIAP-DC/Vessel/AddVessel/Add&amp;apos; located by &amp;apos;By.xpath: //*[@title = &amp;apos;\u0414\u043E\u0431\u0430\u0432\u0438\u0442\u044C&amp;apos;]&amp;apos; in &amp;apos;15&amp;apos; second(s)</message>
  <nestedLevel>1</nestedLevel>
</record>
<record>
  <date>2018-01-11T15:59:02</date>
  <millis>1515675542474</millis>
  <sequence>98</sequence>
  <level>INFO</level>
  <class>com.kms.katalon.core.logging.KeywordLogger</class>
  <method>logMessage</method>
  <thread>1</thread>
  <message>Found 185 web elements with id: &amp;apos;Object Repository/GIAP-DC/Vessel/AddVessel/Add&amp;apos; located by &amp;apos;By.xpath: //*[@title = &amp;apos;\u0414\u043E\u0431\u0430\u0432\u0438\u0442\u044C&amp;apos;]&amp;apos; in &amp;apos;15&amp;apos; second(s)</message>
  <nestedLevel>1</nestedLevel>
</record>
<record>
  <date>2018-01-11T15:59:02</date>
  <millis>1515675542475</millis>
  <sequence>99</sequence>
  <level>INFO</level>
  <class>com.kms.katalon.core.logging.KeywordLogger</class>
  <method>logMessage</method>
  <thread>1</thread>
  <message>Clicking on object: &amp;apos;Object Repository/GIAP-DC/Vessel/AddVessel/Add&amp;apos;</message>
  <nestedLevel>1</nestedLevel>
</record>
<record>
  <date>2018-01-11T15:59:02</date>
  <millis>1515675542844</millis>
  <sequence>100</sequence>
  <level>PASSED</level>
  <class>com.kms.katalon.core.logging.KeywordLogger</class>
  <method>logMessage</method>
  <thread>1</thread>
  <message>Object: &amp;apos;Object Repository/GIAP-DC/Vessel/AddVessel/Add&amp;apos; is clicked on</message>
  <nestedLevel>1</nestedLevel>
</record>
<record>
  <date>2018-01-11T15:59:02</date>
  <millis>1515675542845</millis>
  <sequence>101</sequence>
  <level>END</level>
  <class>com.kms.katalon.core.logging.KeywordLogger</class>
  <method>endKeyword</method>
  <thread>1</thread>
  <message>End action : click</message>
  <nestedLevel>1</nestedLevel>
</record>
<record>
  <date>2018-01-11T15:59:02</date>
  <millis>1515675542846</millis>
  <sequence>102</sequence>
  <level>START</level>
  <class>com.kms.katalon.core.logging.KeywordLogger</class>
  <method>startKeyword</method>
  <thread>1</thread>
  <message>Start action : verifyElementText</message>
  <nestedLevel>1</nestedLevel>
  <property name="startLine">35</property>
  <property name="stepIndex">5</property>
</record>
<record>
  <date>2018-01-11T15:59:02</date>
  <millis>1515675542847</millis>
  <sequence>103</sequence>
  <level>INFO</level>
  <class>com.kms.katalon.core.logging.KeywordLogger</class>
  <method>logMessage</method>
  <thread>1</thread>
  <message>Finding Test Object with id &amp;apos;Object Repository/GIAP-DC/Vessel/AddVessel/h4_&amp;apos;</message>
  <nestedLevel>1</nestedLevel>
</record>
<record>
  <date>2018-01-11T15:59:02</date>
  <millis>1515675542876</millis>
  <sequence>104</sequence>
  <level>INFO</level>
  <class>com.kms.katalon.core.logging.KeywordLogger</class>
  <method>logMessage</method>
  <thread>1</thread>
  <message>Checking object</message>
  <nestedLevel>1</nestedLevel>
</record>
<record>
  <date>2018-01-11T15:59:02</date>
  <millis>1515675542879</millis>
  <sequence>105</sequence>
  <level>INFO</level>
  <class>com.kms.katalon.core.logging.KeywordLogger</class>
  <method>logMessage</method>
  <thread>1</thread>
  <message>Checking timeout</message>
  <nestedLevel>1</nestedLevel>
</record>
<record>
  <date>2018-01-11T15:59:02</date>
  <millis>1515675542880</millis>
  <sequence>106</sequence>
  <level>INFO</level>
  <class>com.kms.katalon.core.logging.KeywordLogger</class>
  <method>logMessage</method>
  <thread>1</thread>
  <message>Finding web element with id: &amp;apos;Object Repository/GIAP-DC/Vessel/AddVessel/h4_&amp;apos; located by &amp;apos;By.xpath: //h4[count(. | //*[text() = &amp;apos;\u0412\u044B\u0431\u043E\u0440 \u0438\u043D\u0442\u0435\u0440\u0444\u0435\u0439\u0441\u0430 \u0434\u043B\u044F \u0434\u043E\u0431\u0430\u0432\u043B\u0435\u043D\u0438\u044F&amp;apos;]) = count(//*[text() = &amp;apos;\u0412\u044B\u0431\u043E\u0440 \u0438\u043D\u0442\u0435\u0440\u0444\u0435\u0439\u0441\u0430 \u0434\u043B\u044F \u0434\u043E\u0431\u0430\u0432\u043B\u0435\u043D\u0438\u044F&amp;apos;])]&amp;apos; in &amp;apos;15&amp;apos; second(s)</message>
  <nestedLevel>1</nestedLevel>
</record>
<record>
  <date>2018-01-11T15:59:03</date>
  <millis>1515675543894</millis>
  <sequence>107</sequence>
  <level>INFO</level>
  <class>com.kms.katalon.core.logging.KeywordLogger</class>
  <method>logMessage</method>
  <thread>1</thread>
  <message>Found 1 web elements with id: &amp;apos;Object Repository/GIAP-DC/Vessel/AddVessel/h4_&amp;apos; located by &amp;apos;By.xpath: //h4[count(. | //*[text() = &amp;apos;\u0412\u044B\u0431\u043E\u0440 \u0438\u043D\u0442\u0435\u0440\u0444\u0435\u0439\u0441\u0430 \u0434\u043B\u044F \u0434\u043E\u0431\u0430\u0432\u043B\u0435\u043D\u0438\u044F&amp;apos;]) = count(//*[text() = &amp;apos;\u0412\u044B\u0431\u043E\u0440 \u0438\u043D\u0442\u0435\u0440\u0444\u0435\u0439\u0441\u0430 \u0434\u043B\u044F \u0434\u043E\u0431\u0430\u0432\u043B\u0435\u043D\u0438\u044F&amp;apos;])]&amp;apos; in &amp;apos;15&amp;apos; second(s)</message>
  <nestedLevel>1</nestedLevel>
</record>
<record>
  <date>2018-01-11T15:59:03</date>
  <millis>1515675543963</millis>
  <sequence>108</sequence>
  <level>PASSED</level>
  <class>com.kms.katalon.core.logging.KeywordLogger</class>
  <method>logMessage</method>
  <thread>1</thread>
  <message>Actual text and expected text of test object &amp;apos;Object Repository/GIAP-DC/Vessel/AddVessel/h4_&amp;apos; are matched.</message>
  <nestedLevel>1</nestedLevel>
</record>
<record>
  <date>2018-01-11T15:59:03</date>
  <millis>1515675543964</millis>
  <sequence>109</sequence>
  <level>END</level>
  <class>com.kms.katalon.core.logging.KeywordLogger</class>
  <method>endKeyword</method>
  <thread>1</thread>
  <message>End action : verifyElementText</message>
  <nestedLevel>1</nestedLevel>
</record>
<record>
  <date>2018-01-11T15:59:03</date>
  <millis>1515675543965</millis>
  <sequence>110</sequence>
  <level>START</level>
  <class>com.kms.katalon.core.logging.KeywordLogger</class>
  <method>startKeyword</method>
  <thread>1</thread>
  <message>Start action : click</message>
  <nestedLevel>1</nestedLevel>
  <property name="startLine">38</property>
  <property name="stepIndex">6</property>
  <property name="description">\u0412\u044B\u0431\u0438\u0440\u0430\u0435\u043C \u0438\u043D\u0442\u0435\u0440\u0444\u0435\u0439\u0441 \&quot;\u0414\u0440\u0443\u0433\u0438\u0435\&quot;</property>
</record>
<record>
  <date>2018-01-11T15:59:03</date>
  <millis>1515675543966</millis>
  <sequence>111</sequence>
  <level>INFO</level>
  <class>com.kms.katalon.core.logging.KeywordLogger</class>
  <method>logMessage</method>
  <thread>1</thread>
  <message>Finding Test Object with id &amp;apos;Object Repository/GIAP-DC/Vessel/AddVessel/Other&amp;apos;</message>
  <nestedLevel>1</nestedLevel>
</record>
<record>
  <date>2018-01-11T15:59:03</date>
  <millis>1515675543971</millis>
  <sequence>112</sequence>
  <level>INFO</level>
  <class>com.kms.katalon.core.logging.KeywordLogger</class>
  <method>logMessage</method>
  <thread>1</thread>
  <message>Checking object</message>
  <nestedLevel>1</nestedLevel>
</record>
<record>
  <date>2018-01-11T15:59:03</date>
  <millis>1515675543971</millis>
  <sequence>113</sequence>
  <level>INFO</level>
  <class>com.kms.katalon.core.logging.KeywordLogger</class>
  <method>logMessage</method>
  <thread>1</thread>
  <message>Checking timeout</message>
  <nestedLevel>1</nestedLevel>
</record>
<record>
  <date>2018-01-11T15:59:03</date>
  <millis>1515675543972</millis>
  <sequence>114</sequence>
  <level>INFO</level>
  <class>com.kms.katalon.core.logging.KeywordLogger</class>
  <method>logMessage</method>
  <thread>1</thread>
  <message>Finding web element with id: &amp;apos;Object Repository/GIAP-DC/Vessel/AddVessel/Other&amp;apos; located by &amp;apos;By.xpath: //li[count(. | //*[text() = &amp;apos;\u041F\u0440\u043E\u0447\u0435\u0435&amp;apos;]) = count(//*[text() = &amp;apos;\u041F\u0440\u043E\u0447\u0435\u0435&amp;apos;])]&amp;apos; in &amp;apos;15&amp;apos; second(s)</message>
  <nestedLevel>1</nestedLevel>
</record>
<record>
  <date>2018-01-11T15:59:04</date>
  <millis>1515675544404</millis>
  <sequence>115</sequence>
  <level>INFO</level>
  <class>com.kms.katalon.core.logging.KeywordLogger</class>
  <method>logMessage</method>
  <thread>1</thread>
  <message>Found 1 web elements with id: &amp;apos;Object Repository/GIAP-DC/Vessel/AddVessel/Other&amp;apos; located by &amp;apos;By.xpath: //li[count(. | //*[text() = &amp;apos;\u041F\u0440\u043E\u0447\u0435\u0435&amp;apos;]) = count(//*[text() = &amp;apos;\u041F\u0440\u043E\u0447\u0435\u0435&amp;apos;])]&amp;apos; in &amp;apos;15&amp;apos; second(s)</message>
  <nestedLevel>1</nestedLevel>
</record>
<record>
  <date>2018-01-11T15:59:04</date>
  <millis>1515675544405</millis>
  <sequence>116</sequence>
  <level>INFO</level>
  <class>com.kms.katalon.core.logging.KeywordLogger</class>
  <method>logMessage</method>
  <thread>1</thread>
  <message>Clicking on object: &amp;apos;Object Repository/GIAP-DC/Vessel/AddVessel/Other&amp;apos;</message>
  <nestedLevel>1</nestedLevel>
</record>
<record>
  <date>2018-01-11T15:59:04</date>
  <millis>1515675544576</millis>
  <sequence>117</sequence>
  <level>PASSED</level>
  <class>com.kms.katalon.core.logging.KeywordLogger</class>
  <method>logMessage</method>
  <thread>1</thread>
  <message>Object: &amp;apos;Object Repository/GIAP-DC/Vessel/AddVessel/Other&amp;apos; is clicked on</message>
  <nestedLevel>1</nestedLevel>
</record>
<record>
  <date>2018-01-11T15:59:04</date>
  <millis>1515675544577</millis>
  <sequence>118</sequence>
  <level>END</level>
  <class>com.kms.katalon.core.logging.KeywordLogger</class>
  <method>endKeyword</method>
  <thread>1</thread>
  <message>End action : click</message>
  <nestedLevel>1</nestedLevel>
</record>
<record>
  <date>2018-01-11T15:59:04</date>
  <millis>1515675544577</millis>
  <sequence>119</sequence>
  <level>START</level>
  <class>com.kms.katalon.core.logging.KeywordLogger</class>
  <method>startKeyword</method>
  <thread>1</thread>
  <message>Start action : delay</message>
  <nestedLevel>1</nestedLevel>
  <property name="startLine">40</property>
  <property name="stepIndex">7</property>
</record>
<record>
  <date>2018-01-11T15:59:04</date>
  <millis>1515675544595</millis>
  <sequence>120</sequence>
  <level>INFO</level>
  <class>com.kms.katalon.core.logging.KeywordLogger</class>
  <method>logMessage</method>
  <thread>1</thread>
  <message>Delaying browser in 3 second(s)</message>
  <nestedLevel>1</nestedLevel>
</record>
<record>
  <date>2018-01-11T15:59:07</date>
  <millis>1515675547597</millis>
  <sequence>121</sequence>
  <level>PASSED</level>
  <class>com.kms.katalon.core.logging.KeywordLogger</class>
  <method>logMessage</method>
  <thread>1</thread>
  <message>Delayed 3 second(s)</message>
  <nestedLevel>1</nestedLevel>
</record>
<record>
  <date>2018-01-11T15:59:07</date>
  <millis>1515675547598</millis>
  <sequence>122</sequence>
  <level>END</level>
  <class>com.kms.katalon.core.logging.KeywordLogger</class>
  <method>endKeyword</method>
  <thread>1</thread>
  <message>End action : delay</message>
  <nestedLevel>1</nestedLevel>
</record>
<record>
  <date>2018-01-11T15:59:07</date>
  <millis>1515675547598</millis>
  <sequence>123</sequence>
  <level>START</level>
  <class>com.kms.katalon.core.logging.KeywordLogger</class>
  <method>startKeyword</method>
  <thread>1</thread>
  <message>Start action : click</message>
  <nestedLevel>1</nestedLevel>
  <property name="startLine">43</property>
  <property name="stepIndex">8</property>
  <property name="description">\u041A\u043B\u0438\u043A \u043D\u0430 select</property>
</record>
<record>
  <date>2018-01-11T15:59:07</date>
  <millis>1515675547599</millis>
  <sequence>124</sequence>
  <level>INFO</level>
  <class>com.kms.katalon.core.logging.KeywordLogger</class>
  <method>logMessage</method>
  <thread>1</thread>
  <message>Finding Test Object with id &amp;apos;Object Repository/GIAP-DC/Vessel/AddVessel/Select&amp;apos;</message>
  <nestedLevel>1</nestedLevel>
</record>
<record>
  <date>2018-01-11T15:59:07</date>
  <millis>1515675547604</millis>
  <sequence>125</sequence>
  <level>INFO</level>
  <class>com.kms.katalon.core.logging.KeywordLogger</class>
  <method>logMessage</method>
  <thread>1</thread>
  <message>Checking object</message>
  <nestedLevel>1</nestedLevel>
</record>
<record>
  <date>2018-01-11T15:59:07</date>
  <millis>1515675547604</millis>
  <sequence>126</sequence>
  <level>INFO</level>
  <class>com.kms.katalon.core.logging.KeywordLogger</class>
  <method>logMessage</method>
  <thread>1</thread>
  <message>Checking timeout</message>
  <nestedLevel>1</nestedLevel>
</record>
<record>
  <date>2018-01-11T15:59:07</date>
  <millis>1515675547605</millis>
  <sequence>127</sequence>
  <level>INFO</level>
  <class>com.kms.katalon.core.logging.KeywordLogger</class>
  <method>logMessage</method>
  <thread>1</thread>
  <message>Finding web element with id: &amp;apos;Object Repository/GIAP-DC/Vessel/AddVessel/Select&amp;apos; located by &amp;apos;By.xpath: .//select[@name= &amp;apos;6327&amp;apos;]/../span&amp;apos; in &amp;apos;15&amp;apos; second(s)</message>
  <nestedLevel>1</nestedLevel>
</record>
<record>
  <date>2018-01-11T15:59:07</date>
  <millis>1515675547630</millis>
  <sequence>128</sequence>
  <level>INFO</level>
  <class>com.kms.katalon.core.logging.KeywordLogger</class>
  <method>logMessage</method>
  <thread>1</thread>
  <message>Found 1 web elements with id: &amp;apos;Object Repository/GIAP-DC/Vessel/AddVessel/Select&amp;apos; located by &amp;apos;By.xpath: .//select[@name= &amp;apos;6327&amp;apos;]/../span&amp;apos; in &amp;apos;15&amp;apos; second(s)</message>
  <nestedLevel>1</nestedLevel>
</record>
<record>
  <date>2018-01-11T15:59:07</date>
  <millis>1515675547630</millis>
  <sequence>129</sequence>
  <level>INFO</level>
  <class>com.kms.katalon.core.logging.KeywordLogger</class>
  <method>logMessage</method>
  <thread>1</thread>
  <message>Clicking on object: &amp;apos;Object Repository/GIAP-DC/Vessel/AddVessel/Select&amp;apos;</message>
  <nestedLevel>1</nestedLevel>
</record>
<record>
  <date>2018-01-11T15:59:07</date>
  <millis>1515675547731</millis>
  <sequence>130</sequence>
  <level>PASSED</level>
  <class>com.kms.katalon.core.logging.KeywordLogger</class>
  <method>logMessage</method>
  <thread>1</thread>
  <message>Object: &amp;apos;Object Repository/GIAP-DC/Vessel/AddVessel/Select&amp;apos; is clicked on</message>
  <nestedLevel>1</nestedLevel>
</record>
<record>
  <date>2018-01-11T15:59:07</date>
  <millis>1515675547732</millis>
  <sequence>131</sequence>
  <level>END</level>
  <class>com.kms.katalon.core.logging.KeywordLogger</class>
  <method>endKeyword</method>
  <thread>1</thread>
  <message>End action : click</message>
  <nestedLevel>1</nestedLevel>
</record>
<record>
  <date>2018-01-11T15:59:07</date>
  <millis>1515675547732</millis>
  <sequence>132</sequence>
  <level>START</level>
  <class>com.kms.katalon.core.logging.KeywordLogger</class>
  <method>startKeyword</method>
  <thread>1</thread>
  <message>Start action : delay</message>
  <nestedLevel>1</nestedLevel>
  <property name="startLine">45</property>
  <property name="stepIndex">9</property>
</record>
<record>
  <date>2018-01-11T15:59:07</date>
  <millis>1515675547733</millis>
  <sequence>133</sequence>
  <level>INFO</level>
  <class>com.kms.katalon.core.logging.KeywordLogger</class>
  <method>logMessage</method>
  <thread>1</thread>
  <message>Delaying browser in 3 second(s)</message>
  <nestedLevel>1</nestedLevel>
</record>
<record>
  <date>2018-01-11T15:59:10</date>
  <millis>1515675550735</millis>
  <sequence>134</sequence>
  <level>PASSED</level>
  <class>com.kms.katalon.core.logging.KeywordLogger</class>
  <method>logMessage</method>
  <thread>1</thread>
  <message>Delayed 3 second(s)</message>
  <nestedLevel>1</nestedLevel>
</record>
<record>
  <date>2018-01-11T15:59:10</date>
  <millis>1515675550736</millis>
  <sequence>135</sequence>
  <level>END</level>
  <class>com.kms.katalon.core.logging.KeywordLogger</class>
  <method>endKeyword</method>
  <thread>1</thread>
  <message>End action : delay</message>
  <nestedLevel>1</nestedLevel>
</record>
<record>
  <date>2018-01-11T15:59:10</date>
  <millis>1515675550736</millis>
  <sequence>136</sequence>
  <level>START</level>
  <class>com.kms.katalon.core.logging.KeywordLogger</class>
  <method>startKeyword</method>
  <thread>1</thread>
  <message>Start action : click</message>
  <nestedLevel>1</nestedLevel>
  <property name="startLine">48</property>
  <property name="stepIndex">10</property>
  <property name="description">\u0412 \u0432\u044B\u043F\u0430\u0434\u0430\u044E\u0449\u0435\u043C \u0441\u043F\u0438\u0441\u043A\u0435 \u0432\u044B\u0431\u0438\u0440\u0430\u0435\u043C \u0410\u0412\u0422-4</property>
</record>
<record>
  <date>2018-01-11T15:59:10</date>
  <millis>1515675550737</millis>
  <sequence>137</sequence>
  <level>INFO</level>
  <class>com.kms.katalon.core.logging.KeywordLogger</class>
  <method>logMessage</method>
  <thread>1</thread>
  <message>Finding Test Object with id &amp;apos;Object Repository/GIAP-DC/Vessel/AddVessel/ABT-4&amp;apos;</message>
  <nestedLevel>1</nestedLevel>
</record>
<record>
  <date>2018-01-11T15:59:10</date>
  <millis>1515675550742</millis>
  <sequence>138</sequence>
  <level>INFO</level>
  <class>com.kms.katalon.core.logging.KeywordLogger</class>
  <method>logMessage</method>
  <thread>1</thread>
  <message>Checking object</message>
  <nestedLevel>1</nestedLevel>
</record>
<record>
  <date>2018-01-11T15:59:10</date>
  <millis>1515675550743</millis>
  <sequence>139</sequence>
  <level>INFO</level>
  <class>com.kms.katalon.core.logging.KeywordLogger</class>
  <method>logMessage</method>
  <thread>1</thread>
  <message>Checking timeout</message>
  <nestedLevel>1</nestedLevel>
</record>
<record>
  <date>2018-01-11T15:59:10</date>
  <millis>1515675550743</millis>
  <sequence>140</sequence>
  <level>INFO</level>
  <class>com.kms.katalon.core.logging.KeywordLogger</class>
  <method>logMessage</method>
  <thread>1</thread>
  <message>Finding web element with id: &amp;apos;Object Repository/GIAP-DC/Vessel/AddVessel/ABT-4&amp;apos; located by &amp;apos;By.xpath: .//ul[@class= &amp;apos;select2-results__options&amp;apos;]/li[text()=&amp;apos;\u0410\u0412\u0422-4&amp;apos;]&amp;apos; in &amp;apos;15&amp;apos; second(s)</message>
  <nestedLevel>1</nestedLevel>
</record>
<record>
  <date>2018-01-11T15:59:10</date>
  <millis>1515675550767</millis>
  <sequence>141</sequence>
  <level>INFO</level>
  <class>com.kms.katalon.core.logging.KeywordLogger</class>
  <method>logMessage</method>
  <thread>1</thread>
  <message>Found 1 web elements with id: &amp;apos;Object Repository/GIAP-DC/Vessel/AddVessel/ABT-4&amp;apos; located by &amp;apos;By.xpath: .//ul[@class= &amp;apos;select2-results__options&amp;apos;]/li[text()=&amp;apos;\u0410\u0412\u0422-4&amp;apos;]&amp;apos; in &amp;apos;15&amp;apos; second(s)</message>
  <nestedLevel>1</nestedLevel>
</record>
<record>
  <date>2018-01-11T15:59:10</date>
  <millis>1515675550767</millis>
  <sequence>142</sequence>
  <level>INFO</level>
  <class>com.kms.katalon.core.logging.KeywordLogger</class>
  <method>logMessage</method>
  <thread>1</thread>
  <message>Clicking on object: &amp;apos;Object Repository/GIAP-DC/Vessel/AddVessel/ABT-4&amp;apos;</message>
  <nestedLevel>1</nestedLevel>
</record>
<record>
  <date>2018-01-11T15:59:10</date>
  <millis>1515675550878</millis>
  <sequence>143</sequence>
  <level>PASSED</level>
  <class>com.kms.katalon.core.logging.KeywordLogger</class>
  <method>logMessage</method>
  <thread>1</thread>
  <message>Object: &amp;apos;Object Repository/GIAP-DC/Vessel/AddVessel/ABT-4&amp;apos; is clicked on</message>
  <nestedLevel>1</nestedLevel>
</record>
<record>
  <date>2018-01-11T15:59:10</date>
  <millis>1515675550879</millis>
  <sequence>144</sequence>
  <level>END</level>
  <class>com.kms.katalon.core.logging.KeywordLogger</class>
  <method>endKeyword</method>
  <thread>1</thread>
  <message>End action : click</message>
  <nestedLevel>1</nestedLevel>
</record>
<record>
  <date>2018-01-11T15:59:10</date>
  <millis>1515675550879</millis>
  <sequence>145</sequence>
  <level>START</level>
  <class>com.kms.katalon.core.logging.KeywordLogger</class>
  <method>startKeyword</method>
  <thread>1</thread>
  <message>Start action : setText</message>
  <nestedLevel>1</nestedLevel>
  <property name="startLine">51</property>
  <property name="stepIndex">11</property>
  <property name="description">\u0417\u0430\u043F\u043E\u043B\u043D\u044F\u0435\u043C \u043F\u043E\u0437\u0438\u0446\u0438\u044E \u0438\u0437 \u043F\u0435\u0440\u0435\u043C\u0435\u043D\u043D\u043E\u0439</property>
</record>
<record>
  <date>2018-01-11T15:59:10</date>
  <millis>1515675550881</millis>
  <sequence>146</sequence>
  <level>INFO</level>
  <class>com.kms.katalon.core.logging.KeywordLogger</class>
  <method>logMessage</method>
  <thread>1</thread>
  <message>Finding Test Object with id &amp;apos;Object Repository/GIAP-DC/Vessel/AddVessel/Position&amp;apos;</message>
  <nestedLevel>1</nestedLevel>
</record>
<record>
  <date>2018-01-11T15:59:10</date>
  <millis>1515675550887</millis>
  <sequence>147</sequence>
  <level>INFO</level>
  <class>com.kms.katalon.core.logging.KeywordLogger</class>
  <method>logMessage</method>
  <thread>1</thread>
  <message>Checking object</message>
  <nestedLevel>1</nestedLevel>
</record>
<record>
  <date>2018-01-11T15:59:10</date>
  <millis>1515675550890</millis>
  <sequence>148</sequence>
  <level>INFO</level>
  <class>com.kms.katalon.core.logging.KeywordLogger</class>
  <method>logMessage</method>
  <thread>1</thread>
  <message>Checking text</message>
  <nestedLevel>1</nestedLevel>
</record>
<record>
  <date>2018-01-11T15:59:10</date>
  <millis>1515675550890</millis>
  <sequence>149</sequence>
  <level>INFO</level>
  <class>com.kms.katalon.core.logging.KeywordLogger</class>
  <method>logMessage</method>
  <thread>1</thread>
  <message>Checking timeout</message>
  <nestedLevel>1</nestedLevel>
</record>
<record>
  <date>2018-01-11T15:59:10</date>
  <millis>1515675550891</millis>
  <sequence>150</sequence>
  <level>INFO</level>
  <class>com.kms.katalon.core.logging.KeywordLogger</class>
  <method>logMessage</method>
  <thread>1</thread>
  <message>Finding web element with id: &amp;apos;Object Repository/GIAP-DC/Vessel/AddVessel/Position&amp;apos; located by &amp;apos;By.xpath: //input[count(. | //*[@type = &amp;apos;text&amp;apos;]) = count(//*[@type = &amp;apos;text&amp;apos;])][count(. | //*[@name = &amp;apos;6328&amp;apos;]) = count(//*[@name = &amp;apos;6328&amp;apos;])][count(. | //*[@placeholder = &amp;apos;\u0412\u0432\u0435\u0434\u0438\u0442\u0435 \u0441\u0442\u0440\u043E\u043A\u0443&amp;apos;]) = count(//*[@placeholder = &amp;apos;\u0412\u0432\u0435\u0434\u0438\u0442\u0435 \u0441\u0442\u0440\u043E\u043A\u0443&amp;apos;])]&amp;apos; in &amp;apos;15&amp;apos; second(s)</message>
  <nestedLevel>1</nestedLevel>
</record>
<record>
  <date>2018-01-11T15:59:14</date>
  <millis>1515675554423</millis>
  <sequence>151</sequence>
  <level>INFO</level>
  <class>com.kms.katalon.core.logging.KeywordLogger</class>
  <method>logMessage</method>
  <thread>1</thread>
  <message>Found 1 web elements with id: &amp;apos;Object Repository/GIAP-DC/Vessel/AddVessel/Position&amp;apos; located by &amp;apos;By.xpath: //input[count(. | //*[@type = &amp;apos;text&amp;apos;]) = count(//*[@type = &amp;apos;text&amp;apos;])][count(. | //*[@name = &amp;apos;6328&amp;apos;]) = count(//*[@name = &amp;apos;6328&amp;apos;])][count(. | //*[@placeholder = &amp;apos;\u0412\u0432\u0435\u0434\u0438\u0442\u0435 \u0441\u0442\u0440\u043E\u043A\u0443&amp;apos;]) = count(//*[@placeholder = &amp;apos;\u0412\u0432\u0435\u0434\u0438\u0442\u0435 \u0441\u0442\u0440\u043E\u043A\u0443&amp;apos;])]&amp;apos; in &amp;apos;15&amp;apos; second(s)</message>
  <nestedLevel>1</nestedLevel>
</record>
<record>
  <date>2018-01-11T15:59:14</date>
  <millis>1515675554424</millis>
  <sequence>152</sequence>
  <level>INFO</level>
  <class>com.kms.katalon.core.logging.KeywordLogger</class>
  <method>logMessage</method>
  <thread>1</thread>
  <message>Clearing text of object &amp;apos;Object Repository/GIAP-DC/Vessel/AddVessel/Position&amp;apos;</message>
  <nestedLevel>1</nestedLevel>
</record>
<record>
  <date>2018-01-11T15:59:15</date>
  <millis>1515675555271</millis>
  <sequence>153</sequence>
  <level>INFO</level>
  <class>com.kms.katalon.core.logging.KeywordLogger</class>
  <method>logMessage</method>
  <thread>1</thread>
  <message>Checking timeout</message>
  <nestedLevel>1</nestedLevel>
</record>
<record>
  <date>2018-01-11T15:59:15</date>
  <millis>1515675555272</millis>
  <sequence>154</sequence>
  <level>INFO</level>
  <class>com.kms.katalon.core.logging.KeywordLogger</class>
  <method>logMessage</method>
  <thread>1</thread>
  <message>Finding web element with id: &amp;apos;Object Repository/GIAP-DC/Vessel/AddVessel/Position&amp;apos; located by &amp;apos;By.xpath: //input[count(. | //*[@type = &amp;apos;text&amp;apos;]) = count(//*[@type = &amp;apos;text&amp;apos;])][count(. | //*[@name = &amp;apos;6328&amp;apos;]) = count(//*[@name = &amp;apos;6328&amp;apos;])][count(. | //*[@placeholder = &amp;apos;\u0412\u0432\u0435\u0434\u0438\u0442\u0435 \u0441\u0442\u0440\u043E\u043A\u0443&amp;apos;]) = count(//*[@placeholder = &amp;apos;\u0412\u0432\u0435\u0434\u0438\u0442\u0435 \u0441\u0442\u0440\u043E\u043A\u0443&amp;apos;])]&amp;apos; in &amp;apos;15&amp;apos; second(s)</message>
  <nestedLevel>1</nestedLevel>
</record>
<record>
  <date>2018-01-11T15:59:18</date>
  <millis>1515675558178</millis>
  <sequence>155</sequence>
  <level>INFO</level>
  <class>com.kms.katalon.core.logging.KeywordLogger</class>
  <method>logMessage</method>
  <thread>1</thread>
  <message>Found 1 web elements with id: &amp;apos;Object Repository/GIAP-DC/Vessel/AddVessel/Position&amp;apos; located by &amp;apos;By.xpath: //input[count(. | //*[@type = &amp;apos;text&amp;apos;]) = count(//*[@type = &amp;apos;text&amp;apos;])][count(. | //*[@name = &amp;apos;6328&amp;apos;]) = count(//*[@name = &amp;apos;6328&amp;apos;])][count(. | //*[@placeholder = &amp;apos;\u0412\u0432\u0435\u0434\u0438\u0442\u0435 \u0441\u0442\u0440\u043E\u043A\u0443&amp;apos;]) = count(//*[@placeholder = &amp;apos;\u0412\u0432\u0435\u0434\u0438\u0442\u0435 \u0441\u0442\u0440\u043E\u043A\u0443&amp;apos;])]&amp;apos; in &amp;apos;15&amp;apos; second(s)</message>
  <nestedLevel>1</nestedLevel>
</record>
<record>
  <date>2018-01-11T15:59:18</date>
  <millis>1515675558178</millis>
  <sequence>156</sequence>
  <level>INFO</level>
  <class>com.kms.katalon.core.logging.KeywordLogger</class>
  <method>logMessage</method>
  <thread>1</thread>
  <message>Setting text of object &amp;apos;Object Repository/GIAP-DC/Vessel/AddVessel/Position&amp;apos; to value &amp;apos;test100&amp;apos;</message>
  <nestedLevel>1</nestedLevel>
</record>
<record>
  <date>2018-01-11T15:59:18</date>
  <millis>1515675558516</millis>
  <sequence>157</sequence>
  <level>PASSED</level>
  <class>com.kms.katalon.core.logging.KeywordLogger</class>
  <method>logMessage</method>
  <thread>1</thread>
  <message>Text &amp;apos;test100&amp;apos; is set on object &amp;apos;Object Repository/GIAP-DC/Vessel/AddVessel/Position&amp;apos;</message>
  <nestedLevel>1</nestedLevel>
</record>
<record>
  <date>2018-01-11T15:59:18</date>
  <millis>1515675558517</millis>
  <sequence>158</sequence>
  <level>END</level>
  <class>com.kms.katalon.core.logging.KeywordLogger</class>
  <method>endKeyword</method>
  <thread>1</thread>
  <message>End action : setText</message>
  <nestedLevel>1</nestedLevel>
</record>
<record>
  <date>2018-01-11T15:59:18</date>
  <millis>1515675558518</millis>
  <sequence>159</sequence>
  <level>START</level>
  <class>com.kms.katalon.core.logging.KeywordLogger</class>
  <method>startKeyword</method>
  <thread>1</thread>
  <message>Start action : click</message>
  <nestedLevel>1</nestedLevel>
  <property name="startLine">54</property>
  <property name="stepIndex">12</property>
  <property name="description">\u0414\u043E\u0431\u0430\u0432\u043B\u044F\u0435\u043C \u0441\u043E\u0441\u0443\u0434</property>
</record>
<record>
  <date>2018-01-11T15:59:18</date>
  <millis>1515675558520</millis>
  <sequence>160</sequence>
  <level>INFO</level>
  <class>com.kms.katalon.core.logging.KeywordLogger</class>
  <method>logMessage</method>
  <thread>1</thread>
  <message>Finding Test Object with id &amp;apos;Object Repository/GIAP-DC/Vessel/AddVessel/AddVessel&amp;apos;</message>
  <nestedLevel>1</nestedLevel>
</record>
<record>
  <date>2018-01-11T15:59:18</date>
  <millis>1515675558528</millis>
  <sequence>161</sequence>
  <level>INFO</level>
  <class>com.kms.katalon.core.logging.KeywordLogger</class>
  <method>logMessage</method>
  <thread>1</thread>
  <message>Checking object</message>
  <nestedLevel>1</nestedLevel>
</record>
<record>
  <date>2018-01-11T15:59:18</date>
  <millis>1515675558528</millis>
  <sequence>162</sequence>
  <level>INFO</level>
  <class>com.kms.katalon.core.logging.KeywordLogger</class>
  <method>logMessage</method>
  <thread>1</thread>
  <message>Checking timeout</message>
  <nestedLevel>1</nestedLevel>
</record>
<record>
  <date>2018-01-11T15:59:18</date>
  <millis>1515675558529</millis>
  <sequence>163</sequence>
  <level>INFO</level>
  <class>com.kms.katalon.core.logging.KeywordLogger</class>
  <method>logMessage</method>
  <thread>1</thread>
  <message>Finding web element with id: &amp;apos;Object Repository/GIAP-DC/Vessel/AddVessel/AddVessel&amp;apos; located by &amp;apos;By.xpath: //button[count(. | //*[@id = &amp;apos;9122,7872&amp;apos;]) = count(//*[@id = &amp;apos;9122,7872&amp;apos;])][count(. | //*[@name = &amp;apos;\u0414\u043E\u0431\u0430\u0432\u0438\u0442\u044C&amp;apos;]) = count(//*[@name = &amp;apos;\u0414\u043E\u0431\u0430\u0432\u0438\u0442\u044C&amp;apos;])][count(. | //*[@type = &amp;apos;button&amp;apos;]) = count(//*[@type = &amp;apos;button&amp;apos;])][count(. | //*[text() = &amp;apos;\u0414\u043E\u0431\u0430\u0432\u0438\u0442\u044C&amp;apos;]) = count(//*[text() = &amp;apos;\u0414\u043E\u0431\u0430\u0432\u0438\u0442\u044C&amp;apos;])]&amp;apos; in &amp;apos;15&amp;apos; second(s)</message>
  <nestedLevel>1</nestedLevel>
</record>
<record>
  <date>2018-01-11T15:59:19</date>
  <millis>1515675559830</millis>
  <sequence>164</sequence>
  <level>INFO</level>
  <class>com.kms.katalon.core.logging.KeywordLogger</class>
  <method>logMessage</method>
  <thread>1</thread>
  <message>Found 1 web elements with id: &amp;apos;Object Repository/GIAP-DC/Vessel/AddVessel/AddVessel&amp;apos; located by &amp;apos;By.xpath: //button[count(. | //*[@id = &amp;apos;9122,7872&amp;apos;]) = count(//*[@id = &amp;apos;9122,7872&amp;apos;])][count(. | //*[@name = &amp;apos;\u0414\u043E\u0431\u0430\u0432\u0438\u0442\u044C&amp;apos;]) = count(//*[@name = &amp;apos;\u0414\u043E\u0431\u0430\u0432\u0438\u0442\u044C&amp;apos;])][count(. | //*[@type = &amp;apos;button&amp;apos;]) = count(//*[@type = &amp;apos;button&amp;apos;])][count(. | //*[text() = &amp;apos;\u0414\u043E\u0431\u0430\u0432\u0438\u0442\u044C&amp;apos;]) = count(//*[text() = &amp;apos;\u0414\u043E\u0431\u0430\u0432\u0438\u0442\u044C&amp;apos;])]&amp;apos; in &amp;apos;15&amp;apos; second(s)</message>
  <nestedLevel>1</nestedLevel>
</record>
<record>
  <date>2018-01-11T15:59:19</date>
  <millis>1515675559830</millis>
  <sequence>165</sequence>
  <level>INFO</level>
  <class>com.kms.katalon.core.logging.KeywordLogger</class>
  <method>logMessage</method>
  <thread>1</thread>
  <message>Clicking on object: &amp;apos;Object Repository/GIAP-DC/Vessel/AddVessel/AddVessel&amp;apos;</message>
  <nestedLevel>1</nestedLevel>
</record>
<record>
  <date>2018-01-11T15:59:19</date>
  <millis>1515675559966</millis>
  <sequence>166</sequence>
  <level>PASSED</level>
  <class>com.kms.katalon.core.logging.KeywordLogger</class>
  <method>logMessage</method>
  <thread>1</thread>
  <message>Object: &amp;apos;Object Repository/GIAP-DC/Vessel/AddVessel/AddVessel&amp;apos; is clicked on</message>
  <nestedLevel>1</nestedLevel>
</record>
<record>
  <date>2018-01-11T15:59:19</date>
  <millis>1515675559967</millis>
  <sequence>167</sequence>
  <level>END</level>
  <class>com.kms.katalon.core.logging.KeywordLogger</class>
  <method>endKeyword</method>
  <thread>1</thread>
  <message>End action : click</message>
  <nestedLevel>1</nestedLevel>
</record>
<record>
  <date>2018-01-11T15:59:19</date>
  <millis>1515675559967</millis>
  <sequence>168</sequence>
  <level>START</level>
  <class>com.kms.katalon.core.logging.KeywordLogger</class>
  <method>startKeyword</method>
  <thread>1</thread>
  <message>Start action : delay</message>
  <nestedLevel>1</nestedLevel>
  <property name="startLine">56</property>
  <property name="stepIndex">13</property>
</record>
<record>
  <date>2018-01-11T15:59:19</date>
  <millis>1515675559968</millis>
  <sequence>169</sequence>
  <level>INFO</level>
  <class>com.kms.katalon.core.logging.KeywordLogger</class>
  <method>logMessage</method>
  <thread>1</thread>
  <message>Delaying browser in 3 second(s)</message>
  <nestedLevel>1</nestedLevel>
</record>
<record>
  <date>2018-01-11T15:59:22</date>
  <millis>1515675562970</millis>
  <sequence>170</sequence>
  <level>PASSED</level>
  <class>com.kms.katalon.core.logging.KeywordLogger</class>
  <method>logMessage</method>
  <thread>1</thread>
  <message>Delayed 3 second(s)</message>
  <nestedLevel>1</nestedLevel>
</record>
<record>
  <date>2018-01-11T15:59:22</date>
  <millis>1515675562970</millis>
  <sequence>171</sequence>
  <level>END</level>
  <class>com.kms.katalon.core.logging.KeywordLogger</class>
  <method>endKeyword</method>
  <thread>1</thread>
  <message>End action : delay</message>
  <nestedLevel>1</nestedLevel>
</record>
<record>
  <date>2018-01-11T15:59:22</date>
  <millis>1515675562971</millis>
  <sequence>172</sequence>
  <level>START</level>
  <class>com.kms.katalon.core.logging.KeywordLogger</class>
  <method>startKeyword</method>
  <thread>1</thread>
  <message>Start action : closeBrowser</message>
  <nestedLevel>1</nestedLevel>
  <property name="startLine">59</property>
  <property name="stepIndex">14</property>
  <property name="description">\u0417\u0430\u043A\u0440\u044B\u0432\u0430\u0435\u043C \u0431\u0440\u0430\u0443\u0437\u0435\u0440</property>
</record>
<record>
  <date>2018-01-11T15:59:22</date>
  <millis>1515675562972</millis>
  <sequence>173</sequence>
  <level>NOT_RUN</level>
  <class>com.kms.katalon.core.logging.KeywordLogger</class>
  <method>logMessage</method>
  <thread>1</thread>
  <message>NOT_RUN: closeBrowser</message>
  <nestedLevel>1</nestedLevel>
</record>
<record>
  <date>2018-01-11T15:59:22</date>
  <millis>1515675562973</millis>
  <sequence>174</sequence>
  <level>END</level>
  <class>com.kms.katalon.core.logging.KeywordLogger</class>
  <method>endKeyword</method>
  <thread>1</thread>
  <message>End action : closeBrowser</message>
  <nestedLevel>1</nestedLevel>
</record>
<record>
  <date>2018-01-11T15:59:22</date>
  <millis>1515675562973</millis>
  <sequence>175</sequence>
  <level>PASSED</level>
  <class>com.kms.katalon.core.logging.KeywordLogger</class>
  <method>logMessage</method>
  <thread>1</thread>
  <message>Test Cases/Work/Vessel/1. Create New Vessel</message>
  <nestedLevel>1</nestedLevel>
</record>
<record>
  <date>2018-01-11T15:59:22</date>
  <millis>1515675562973</millis>
  <sequence>176</sequence>
  <level>END</level>
  <class>com.kms.katalon.core.logging.KeywordLogger</class>
  <method>endTest</method>
  <thread>1</thread>
  <message>End Test Case : Test Cases/Work/Vessel/1. Create New Vessel</message>
  <nestedLevel>0</nestedLevel>
</record>
<record>
  <date>2018-01-11T15:59:23</date>
  <millis>1515675563027</millis>
  <sequence>177</sequence>
  <level>START</level>
  <class>com.kms.katalon.core.logging.KeywordLogger</class>
  <method>startTest</method>
  <thread>1</thread>
  <message>Start Test Case : Test Cases/Work/Vessel/FillingOperatingParameters</message>
  <nestedLevel>1</nestedLevel>
  <property name="name">Test Cases/Work/Vessel/FillingOperatingParameters</property>
  <property name="description"></property>
  <property name="id">Test Cases/Work/Vessel/FillingOperatingParameters</property>
  <property name="source">C:\\TestProject\\glowing-giggleTest Cases\\Work\\Vessel\\FillingOperatingParameters.tc</property>
  <property name="isOptional">false</property>
</record>
<record>
  <date>2018-01-11T15:59:23</date>
  <millis>1515675563064</millis>
  <sequence>178</sequence>
  <level>INFO</level>
  <class>com.kms.katalon.core.logging.KeywordLogger</class>
  <method>logMessage</method>
  <thread>1</thread>
  <message>Evaluating variables for test case</message>
  <nestedLevel>1</nestedLevel>
</record>
<record>
  <date>2018-01-11T15:59:23</date>
  <millis>1515675563306</millis>
  <sequence>179</sequence>
  <level>START</level>
  <class>com.kms.katalon.core.logging.KeywordLogger</class>
  <method>startKeyword</method>
  <thread>1</thread>
  <message>Start action : comment</message>
  <nestedLevel>1</nestedLevel>
  <property name="startLine">22</property>
  <property name="stepIndex">1</property>
</record>
<record>
  <date>2018-01-11T15:59:23</date>
  <millis>1515675563317</millis>
  <sequence>180</sequence>
  <level>INFO</level>
  <class>com.kms.katalon.core.logging.KeywordLogger</class>
  <method>logMessage</method>
  <thread>1</thread>
  <message>\u0414\u043E\u0431\u0430\u0432\u043B\u044F\u0435\u043C \u043E\u0431\u044A\u0435\u043A\u0442 \u043D\u0430 \u0432\u043A\u043B\u0430\u0434\u043A\u0443 \&amp;quot;\u0422\u0435\u043A\u0443\u0449\u0438\u0435 \u043F\u0440\u043E\u0441\u0442\u0440\u0430\u043D\u0438\u0441\u0442\u0432\u0430\&amp;quot;</message>
  <nestedLevel>1</nestedLevel>
</record>
<record>
  <date>2018-01-11T15:59:23</date>
  <millis>1515675563318</millis>
  <sequence>181</sequence>
  <level>END</level>
  <class>com.kms.katalon.core.logging.KeywordLogger</class>
  <method>endKeyword</method>
  <thread>1</thread>
  <message>End action : comment</message>
  <nestedLevel>1</nestedLevel>
</record>
<record>
  <date>2018-01-11T15:59:23</date>
  <millis>1515675563319</millis>
  <sequence>182</sequence>
  <level>START</level>
  <class>com.kms.katalon.core.logging.KeywordLogger</class>
  <method>startKeyword</method>
  <thread>1</thread>
  <message>Start action : click</message>
  <nestedLevel>1</nestedLevel>
  <property name="startLine">24</property>
  <property name="stepIndex">2</property>
</record>
<record>
  <date>2018-01-11T15:59:23</date>
  <millis>1515675563320</millis>
  <sequence>183</sequence>
  <level>INFO</level>
  <class>com.kms.katalon.core.logging.KeywordLogger</class>
  <method>logMessage</method>
  <thread>1</thread>
  <message>Finding Test Object with id &amp;apos;Object Repository/GIAP-DC/Vessel/Operating Parameters/operatingParametersButton&amp;apos;</message>
  <nestedLevel>1</nestedLevel>
</record>
<record>
  <date>2018-01-11T15:59:23</date>
  <millis>1515675563325</millis>
  <sequence>184</sequence>
  <level>INFO</level>
  <class>com.kms.katalon.core.logging.KeywordLogger</class>
  <method>logMessage</method>
  <thread>1</thread>
  <message>Checking object</message>
  <nestedLevel>1</nestedLevel>
</record>
<record>
  <date>2018-01-11T15:59:23</date>
  <millis>1515675563325</millis>
  <sequence>185</sequence>
  <level>INFO</level>
  <class>com.kms.katalon.core.logging.KeywordLogger</class>
  <method>logMessage</method>
  <thread>1</thread>
  <message>Checking timeout</message>
  <nestedLevel>1</nestedLevel>
</record>
<record>
  <date>2018-01-11T15:59:23</date>
  <millis>1515675563326</millis>
  <sequence>186</sequence>
  <level>INFO</level>
  <class>com.kms.katalon.core.logging.KeywordLogger</class>
  <method>logMessage</method>
  <thread>1</thread>
  <message>Finding web element with id: &amp;apos;Object Repository/GIAP-DC/Vessel/Operating Parameters/operatingParametersButton&amp;apos; located by &amp;apos;By.xpath: //button[count(. | //*[@type = &amp;apos;button&amp;apos;]) = count(//*[@type = &amp;apos;button&amp;apos;])][count(. | //*[text() = &amp;apos;\u041F\u0430\u0440\u0430\u043C\u0435\u0442\u0440\u044B \u044D\u043A\u0441\u043F\u043B\u0443\u0430\u0442\u0430\u0446\u0438\u0438&amp;apos;]) = count(//*[text() = &amp;apos;\u041F\u0430\u0440\u0430\u043C\u0435\u0442\u0440\u044B \u044D\u043A\u0441\u043F\u043B\u0443\u0430\u0442\u0430\u0446\u0438\u0438&amp;apos;])]&amp;apos; in &amp;apos;15&amp;apos; second(s)</message>
  <nestedLevel>1</nestedLevel>
</record>
